--- xcodebuild: WARNING: Using the first of multiple matching destinations:
{ platform:iOS Simulator, id:256DBBB6-F991-4955-B794-7E6BBFEF5802, OS:18.2, name:iPhone 16 Pro }
{ platform:iOS Simulator, id:256DBBB6-F991-4955-B794-7E6BBFEF5802, OS:18.2, name:iPhone 16 Pro }
2025-02-21 00:58:54.109 xcodebuild[82860:16518931]  DTDeviceKit: Failed to mount DDI from '<DVTFilePath:0x139046b80:'/Applications/Xcode.app/Contents/Developer/Platforms/iPhoneOS.platform/DeviceSupport/16.4/DeveloperDiskImage.dmg'>', error=-402652958: Error Domain=com.apple.dtdevicekit Code=806 "Failed to prepare the device for development." UserInfo={AssociatedMobileDeviceFunction=AMDeviceMountImage, NSUnderlyingError=0x12d1ce410 {Error Domain=com.apple.dt.MobileDeviceErrorDomain Code=-402652958 "The device is locked." UserInfo={MobileDeviceErrorCode=(0xE80000E2), com.apple.dtdevicekit.stacktrace=(
	0   DTDeviceKitBase                     0x0000000114e309c8 DTDKCreateNSErrorFromAMDErrorCode + 312
	1   DTDeviceKitBase                     0x0000000114e57a94 -[DTDKMobileDeviceToken _mountDeveloperDiskImage:withError:] + 704
	2   DTDeviceKitBase                     0x0000000114e5844c __58-[DTDKMobileDeviceToken mountDeveloperDiskImageWithError:]_block_invoke + 456
	3   libdispatch.dylib                   0x000000018bc04658 _dispatch_client_callout + 20
	4   libdispatch.dylib                   0x000000018bc13cd8 _dispatch_lane_barrier_sync_invoke_and_complete + 56
	5   DTDeviceKitBase                     0x0000000114e58228 -[DTDKMobileDeviceToken mountDeveloperDiskImageWithError:] + 168
	6   IDEiOSSupportCore                   0x0000000114d228d0 __37-[DVTiOSDevice(Connect) hasConnected]_block_invoke_2 + 116
	7   DVTFoundation                       0x000000010523fc9c __DVT_CALLING_CLIENT_BLOCK__ + 16
	8   DVTFoundation                       0x0000000105241034 __DVTDispatchGroupAsync_block_invoke + 152
	9   libdispatch.dylib                   0x000000018bc028f8 _dispatch_call_block_and_release + 32
	10  libdispatch.dylib                   0x000000018bc04658 _dispatch_client_callout + 20
	11  libdispatch.dylib                   0x000000018bc07b8c _dispatch_continuation_pop + 728
	12  libdispatch.dylib                   0x000000018bc07138 _dispatch_async_redirect_invoke + 580
	13  libdispatch.dylib                   0x000000018bc16314 _dispatch_root_queue_drain + 392
	14  libdispatch.dylib                   0x000000018bc16b20 _dispatch_worker_thread2 + 156
	15  libsystem_pthread.dylib             0x000000018bdb339c _pthread_wqthread + 228
	16  libsystem_pthread.dylib             0x000000018bdb20f0 start_wqthread + 8
), DVTRadarComponentKey=261622, NSLocalizedDescription=The device is locked.}}, NSLocalizedRecoverySuggestion=Please unlock and reconnect the device., NSLocalizedFailure=The device is locked., DVTRadarComponentKey=487927, NSLocalizedDescription=Failed to prepare the device for development.}
2025-02-21 00:58:54.112 xcodebuild[82860:16518931]  iPhoneConnect: 📱<DVTiOSDevice (0x129a61700), iPad de Breno, iPad, 16.7.10 (20H350), 10600114114af3197f92f32d4f6de3c8d4264c14> unable to mount developer disk image, (Error Domain=com.apple.dtdevicekit Code=806 "Failed to prepare the device for development." UserInfo={AssociatedMobileDeviceFunction=AMDeviceMountImage, NSUnderlyingError=0x12d1ce410 {Error Domain=com.apple.dt.MobileDeviceErrorDomain Code=-402652958 "The device is locked." UserInfo={MobileDeviceErrorCode=(0xE80000E2), com.apple.dtdevicekit.stacktrace=(
	0   DTDeviceKitBase                     0x0000000114e309c8 DTDKCreateNSErrorFromAMDErrorCode + 312
	1   DTDeviceKitBase                     0x0000000114e57a94 -[DTDKMobileDeviceToken _mountDeveloperDiskImage:withError:] + 704
	2   DTDeviceKitBase                     0x0000000114e5844c __58-[DTDKMobileDeviceToken mountDeveloperDiskImageWithError:]_block_invoke + 456
	3   libdispatch.dylib                   0x000000018bc04658 _dispatch_client_callout + 20
	4   libdispatch.dylib                   0x000000018bc13cd8 _dispatch_lane_barrier_sync_invoke_and_complete + 56
	5   DTDeviceKitBase                     0x0000000114e58228 -[DTDKMobileDeviceToken mountDeveloperDiskImageWithError:] + 168
	6   IDEiOSSupportCore                   0x0000000114d228d0 __37-[DVTiOSDevice(Connect) hasConnected]_block_invoke_2 + 116
	7   DVTFoundation                       0x000000010523fc9c __DVT_CALLING_CLIENT_BLOCK__ + 16
	8   DVTFoundation                       0x0000000105241034 __DVTDispatchGroupAsync_block_invoke + 152
	9   libdispatch.dylib                   0x000000018bc028f8 _dispatch_call_block_and_release + 32
	10  libdispatch.dylib                   0x000000018bc04658 _dispatch_client_callout + 20
	11  libdispatch.dylib                   0x000000018bc07b8c _dispatch_continuation_pop + 728
	12  libdispatch.dylib                   0x000000018bc07138 _dispatch_async_redirect_invoke + 580
	13  libdispatch.dylib                   0x000000018bc16314 _dispatch_root_queue_drain + 392
	14  libdispatch.dylib                   0x000000018bc16b20 _dispatch_worker_thread2 + 156
	15  libsystem_pthread.dylib             0x000000018bdb339c _pthread_wqthread + 228
	16  libsystem_pthread.dylib             0x000000018bdb20f0 start_wqthread + 8
), DVTRadarComponentKey=261622, NSLocalizedDescription=The device is locked.}}, NSLocalizedRecoverySuggestion=Please unlock and reconnect the device., NSLocalizedFailure=The device is locked., DVTRadarComponentKey=487927, NSLocalizedDescription=Failed to prepare the device for development.}) {
    AssociatedMobileDeviceFunction = AMDeviceMountImage;
    DVTRadarComponentKey = 487927;
    NSLocalizedDescription = "Failed to prepare the device for development.";
    NSLocalizedFailure = "The device is locked.";
    NSLocalizedRecoverySuggestion = "Please unlock and reconnect the device.";
    NSUnderlyingError = "Error Domain=com.apple.dt.MobileDeviceErrorDomain Code=-402652958 \"The device is locked.\" UserInfo={MobileDeviceErrorCode=(0xE80000E2), com.apple.dtdevicekit.stacktrace=(\n\t0   DTDeviceKitBase                     0x0000000114e309c8 DTDKCreateNSErrorFromAMDErrorCode + 312\n\t1   DTDeviceKitBase                     0x0000000114e57a94 -[DTDKMobileDeviceToken _mountDeveloperDiskImage:withError:] + 704\n\t2   DTDeviceKitBase                     0x0000000114e5844c __58-[DTDKMobileDeviceToken mountDeveloperDiskImageWithError:]_block_invoke + 456\n\t3   libdispatch.dylib                   0x000000018bc04658 _dispatch_client_callout + 20\n\t4   libdispatch.dylib                   0x000000018bc13cd8 _dispatch_lane_barrier_sync_invoke_and_complete + 56\n\t5   DTDeviceKitBase                     0x0000000114e58228 -[DTDKMobileDeviceToken mountDeveloperDiskImageWithError:] + 168\n\t6   IDEiOSSupportCore                   0x0000000114d228d0 __37-[DVTiOSDevice(Connect) hasConnected]_block_invoke_2 + 116\n\t7   DVTFoundation                       0x000000010523fc9c __DVT_CALLING_CLIENT_BLOCK__ + 16\n\t8   DVTFoundation                       0x0000000105241034 __DVTDispatchGroupAsync_block_invoke + 152\n\t9   libdispatch.dylib                   0x000000018bc028f8 _dispatch_call_block_and_release + 32\n\t10  libdispatch.dylib                   0x000000018bc04658 _dispatch_client_callout + 20\n\t11  libdispatch.dylib                   0x000000018bc07b8c _dispatch_continuation_pop + 728\n\t12  libdispatch.dylib                   0x000000018bc07138 _dispatch_async_redirect_invoke + 580\n\t13  libdispatch.dylib                   0x000000018bc16314 _dispatch_root_queue_drain + 392\n\t14  libdispatch.dylib                   0x000000018bc16b20 _dispatch_worker_thread2 + 156\n\t15  libsystem_pthread.dylib             0x000000018bdb339c _pthread_wqthread + 228\n\t16  libsystem_pthread.dylib             0x000000018bdb20f0 start_wqthread + 8\n), DVTRadarComponentKey=261622, NSLocalizedDescription=The device is locked.}";
}
2025-02-21 00:58:54.119 xcodebuild[82860:16518397] [MT] iPhoneConnect: 📱<DVTiOSDevice (0x129a61700), iPad de Breno, iPad, 16.7.10 (20H350), 10600114114af3197f92f32d4f6de3c8d4264c14> -- An error occurred whilst preparing device for development -- Failed to prepare the device for development.
Domain: com.apple.dtdevicekit
Code: 806
Recovery Suggestion: Please unlock and reconnect the device.
User Info: {
    AssociatedMobileDeviceFunction = AMDeviceMountImage;
    DVTRadarComponentKey = 487927;
    NSLocalizedFailure = "The device is locked.";
}
--
The device is locked.
Domain: com.apple.dt.MobileDeviceErrorDomain
Code: -402652958
User Info: {
    DVTRadarComponentKey = 261622;
    MobileDeviceErrorCode = "(0xE80000E2)";
    "com.apple.dtdevicekit.stacktrace" = (
	0   DTDeviceKitBase                     0x0000000114e309c8 DTDKCreateNSErrorFromAMDErrorCode + 312
	1   DTDeviceKitBase                     0x0000000114e57a94 -[DTDKMobileDeviceToken _mountDeveloperDiskImage:withError:] + 704
	2   DTDeviceKitBase                     0x0000000114e5844c __58-[DTDKMobileDeviceToken mountDeveloperDiskImageWithError:]_block_invoke + 456
	3   libdispatch.dylib                   0x000000018bc04658 _dispatch_client_callout + 20
	4   libdispatch.dylib                   0x000000018bc13cd8 _dispatch_lane_barrier_sync_invoke_and_complete + 56
	5   DTDeviceKitBase                     0x0000000114e58228 -[DTDKMobileDeviceToken mountDeveloperDiskImageWithError:] + 168
	6   IDEiOSSupportCore                   0x0000000114d228d0 __37-[DVTiOSDevice(Connect) hasConnected]_block_invoke_2 + 116
	7   DVTFoundation                       0x000000010523fc9c __DVT_CALLING_CLIENT_BLOCK__ + 16
	8   DVTFoundation                       0x0000000105241034 __DVTDispatchGroupAsync_block_invoke + 152
	9   libdispatch.dylib                   0x000000018bc028f8 _dispatch_call_block_and_release + 32
	10  libdispatch.dylib                   0x000000018bc04658 _dispatch_client_callout + 20
	11  libdispatch.dylib                   0x000000018bc07b8c _dispatch_continuation_pop + 728
	12  libdispatch.dylib                   0x000000018bc07138 _dispatch_async_redirect_invoke + 580
	13  libdispatch.dylib                   0x000000018bc16314 _dispatch_root_queue_drain + 392
	14  libdispatch.dylib                   0x000000018bc16b20 _dispatch_worker_thread2 + 156
	15  libsystem_pthread.dylib             0x000000018bdb339c _pthread_wqthread + 228
	16  libsystem_pthread.dylib             0x000000018bdb20f0 start_wqthread + 8
);
}
--
2025-02-21 00:58:54.119 xcodebuild[82860:16518397] [MT] iPhoneConnect: 📱<DVTiOSDevice (0x129a61700), iPad de Breno, iPad, 16.7.10 (20H350), 10600114114af3197f92f32d4f6de3c8d4264c14> == Underlying device preparation errors ==
2025-02-21 00:58:54.119 xcodebuild[82860:16518397] [MT] iPhoneConnect: Failed to prepare the device for development.
Domain: com.apple.dtdevicekit
Code: 806
Recovery Suggestion: Please unlock and reconnect the device.
User Info: {
    AssociatedMobileDeviceFunction = AMDeviceMountImage;
    DVTRadarComponentKey = 487927;
    NSLocalizedFailure = "The device is locked.";
}
--
The device is locked.
Domain: com.apple.dt.MobileDeviceErrorDomain
Code: -402652958
User Info: {
    DVTRadarComponentKey = 261622;
    MobileDeviceErrorCode = "(0xE80000E2)";
    "com.apple.dtdevicekit.stacktrace" = (
	0   DTDeviceKitBase                     0x0000000114e309c8 DTDKCreateNSErrorFromAMDErrorCode + 312
	1   DTDeviceKitBase                     0x0000000114e57a94 -[DTDKMobileDeviceToken _mountDeveloperDiskImage:withError:] + 704
	2   DTDeviceKitBase                     0x0000000114e5844c __58-[DTDKMobileDeviceToken mountDeveloperDiskImageWithError:]_block_invoke + 456
	3   libdispatch.dylib                   0x000000018bc04658 _dispatch_client_callout + 20
	4   libdispatch.dylib                   0x000000018bc13cd8 _dispatch_lane_barrier_sync_invoke_and_complete + 56
	5   DTDeviceKitBase                     0x0000000114e58228 -[DTDKMobileDeviceToken mountDeveloperDiskImageWithError:] + 168
	6   IDEiOSSupportCore                   0x0000000114d228d0 __37-[DVTiOSDevice(Connect) hasConnected]_block_invoke_2 + 116
	7   DVTFoundation                       0x000000010523fc9c __DVT_CALLING_CLIENT_BLOCK__ + 16
	8   DVTFoundation                       0x0000000105241034 __DVTDispatchGroupAsync_block_invoke + 152
	9   libdispatch.dylib                   0x000000018bc028f8 _dispatch_call_block_and_release + 32
	10  libdispatch.dylib                   0x000000018bc04658 _dispatch_client_callout + 20
	11  libdispatch.dylib                   0x000000018bc07b8c _dispatch_continuation_pop + 728
	12  libdispatch.dylib                   0x000000018bc07138 _dispatch_async_redirect_invoke + 580
	13  libdispatch.dylib                   0x000000018bc16314 _dispatch_root_queue_drain + 392
	14  libdispatch.dylib                   0x000000018bc16b20 _dispatch_worker_thread2 + 156
	15  libsystem_pthread.dylib             0x000000018bdb339c _pthread_wqthread + 228
	16  libsystem_pthread.dylib             0x000000018bdb20f0 start_wqthread + 8
);
}
--
2025-02-21 00:58:54.119 xcodebuild[82860:16518397] [MT] iPhoneConnect: 📱<DVTiOSDevice (0x129a61700), iPad de Breno, iPad, 16.7.10 (20H350), 10600114114af3197f92f32d4f6de3c8d4264c14> == END: Underlying device preparation errors ==
2025-02-21 00:58:55.019 xcodebuild[82860:16518931]  DTDeviceKit: Failed to mount DDI from '<DVTFilePath:0x139046b80:'/Applications/Xcode.app/Contents/Developer/Platforms/iPhoneOS.platform/DeviceSupport/16.4/DeveloperDiskImage.dmg'>', error=-402652958: Error Domain=com.apple.dtdevicekit Code=806 "Failed to prepare the device for development." UserInfo={AssociatedMobileDeviceFunction=AMDeviceMountImage, NSUnderlyingError=0x12fb69b00 {Error Domain=com.apple.dt.MobileDeviceErrorDomain Code=-402652958 "The device is locked." UserInfo={MobileDeviceErrorCode=(0xE80000E2), com.apple.dtdevicekit.stacktrace=(
	0   DTDeviceKitBase                     0x0000000114e309c8 DTDKCreateNSErrorFromAMDErrorCode + 312
	1   DTDeviceKitBase                     0x0000000114e57a94 -[DTDKMobileDeviceToken _mountDeveloperDiskImage:withError:] + 704
	2   DTDeviceKitBase                     0x0000000114e5844c __58-[DTDKMobileDeviceToken mountDeveloperDiskImageWithError:]_block_invoke + 456
	3   libdispatch.dylib                   0x000000018bc04658 _dispatch_client_callout + 20
	4   libdispatch.dylib                   0x000000018bc13cd8 _dispatch_lane_barrier_sync_invoke_and_complete + 56
	5   DTDeviceKitBase                     0x0000000114e58228 -[DTDKMobileDeviceToken mountDeveloperDiskImageWithError:] + 168
	6   IDEiOSSupportCore                   0x0000000114d228d0 __37-[DVTiOSDevice(Connect) hasConnected]_block_invoke_2 + 116
	7   DVTFoundation                       0x000000010523fc9c __DVT_CALLING_CLIENT_BLOCK__ + 16
	8   DVTFoundation                       0x0000000105241034 __DVTDispatchGroupAsync_block_invoke + 152
	9   libdispatch.dylib                   0x000000018bc028f8 _dispatch_call_block_and_release + 32
	10  libdispatch.dylib                   0x000000018bc04658 _dispatch_client_callout + 20
	11  libdispatch.dylib                   0x000000018bc07b8c _dispatch_continuation_pop + 728
	12  libdispatch.dylib                   0x000000018bc07138 _dispatch_async_redirect_invoke + 580
	13  libdispatch.dylib                   0x000000018bc16314 _dispatch_root_queue_drain + 392
	14  libdispatch.dylib                   0x000000018bc16b20 _dispatch_worker_thread2 + 156
	15  libsystem_pthread.dylib             0x000000018bdb339c _pthread_wqthread + 228
	16  libsystem_pthread.dylib             0x000000018bdb20f0 start_wqthread + 8
), DVTRadarComponentKey=261622, NSLocalizedDescription=The device is locked.}}, NSLocalizedRecoverySuggestion=Please unlock and reconnect the device., NSLocalizedFailure=The device is locked., DVTRadarComponentKey=487927, NSLocalizedDescription=Failed to prepare the device for development.}
2025-02-21 00:58:55.020 xcodebuild[82860:16518931]  iPhoneConnect: 📱<DVTiOSDevice (0x129a61700), iPad de Breno, iPad, 16.7.10 (20H350), 10600114114af3197f92f32d4f6de3c8d4264c14> unable to mount developer disk image, (Error Domain=com.apple.dtdevicekit Code=806 "Failed to prepare the device for development." UserInfo={AssociatedMobileDeviceFunction=AMDeviceMountImage, NSUnderlyingError=0x12fb69b00 {Error Domain=com.apple.dt.MobileDeviceErrorDomain Code=-402652958 "The device is locked." UserInfo={MobileDeviceErrorCode=(0xE80000E2), com.apple.dtdevicekit.stacktrace=(
	0   DTDeviceKitBase                     0x0000000114e309c8 DTDKCreateNSErrorFromAMDErrorCode + 312
	1   DTDeviceKitBase                     0x0000000114e57a94 -[DTDKMobileDeviceToken _mountDeveloperDiskImage:withError:] + 704
	2   DTDeviceKitBase                     0x0000000114e5844c __58-[DTDKMobileDeviceToken mountDeveloperDiskImageWithError:]_block_invoke + 456
	3   libdispatch.dylib                   0x000000018bc04658 _dispatch_client_callout + 20
	4   libdispatch.dylib                   0x000000018bc13cd8 _dispatch_lane_barrier_sync_invoke_and_complete + 56
	5   DTDeviceKitBase                     0x0000000114e58228 -[DTDKMobileDeviceToken mountDeveloperDiskImageWithError:] + 168
	6   IDEiOSSupportCore                   0x0000000114d228d0 __37-[DVTiOSDevice(Connect) hasConnected]_block_invoke_2 + 116
	7   DVTFoundation                       0x000000010523fc9c __DVT_CALLING_CLIENT_BLOCK__ + 16
	8   DVTFoundation                       0x0000000105241034 __DVTDispatchGroupAsync_block_invoke + 152
	9   libdispatch.dylib                   0x000000018bc028f8 _dispatch_call_block_and_release + 32
	10  libdispatch.dylib                   0x000000018bc04658 _dispatch_client_callout + 20
	11  libdispatch.dylib                   0x000000018bc07b8c _dispatch_continuation_pop + 728
	12  libdispatch.dylib                   0x000000018bc07138 _dispatch_async_redirect_invoke + 580
	13  libdispatch.dylib                   0x000000018bc16314 _dispatch_root_queue_drain + 392
	14  libdispatch.dylib                   0x000000018bc16b20 _dispatch_worker_thread2 + 156
	15  libsystem_pthread.dylib             0x000000018bdb339c _pthread_wqthread + 228
	16  libsystem_pthread.dylib             0x000000018bdb20f0 start_wqthread + 8
), DVTRadarComponentKey=261622, NSLocalizedDescription=The device is locked.}}, NSLocalizedRecoverySuggestion=Please unlock and reconnect the device., NSLocalizedFailure=The device is locked., DVTRadarComponentKey=487927, NSLocalizedDescription=Failed to prepare the device for development.}) {
    AssociatedMobileDeviceFunction = AMDeviceMountImage;
    DVTRadarComponentKey = 487927;
    NSLocalizedDescription = "Failed to prepare the device for development.";
    NSLocalizedFailure = "The device is locked.";
    NSLocalizedRecoverySuggestion = "Please unlock and reconnect the device.";
    NSUnderlyingError = "Error Domain=com.apple.dt.MobileDeviceErrorDomain Code=-402652958 \"The device is locked.\" UserInfo={MobileDeviceErrorCode=(0xE80000E2), com.apple.dtdevicekit.stacktrace=(\n\t0   DTDeviceKitBase                     0x0000000114e309c8 DTDKCreateNSErrorFromAMDErrorCode + 312\n\t1   DTDeviceKitBase                     0x0000000114e57a94 -[DTDKMobileDeviceToken _mountDeveloperDiskImage:withError:] + 704\n\t2   DTDeviceKitBase                     0x0000000114e5844c __58-[DTDKMobileDeviceToken mountDeveloperDiskImageWithError:]_block_invoke + 456\n\t3   libdispatch.dylib                   0x000000018bc04658 _dispatch_client_callout + 20\n\t4   libdispatch.dylib                   0x000000018bc13cd8 _dispatch_lane_barrier_sync_invoke_and_complete + 56\n\t5   DTDeviceKitBase                     0x0000000114e58228 -[DTDKMobileDeviceToken mountDeveloperDiskImageWithError:] + 168\n\t6   IDEiOSSupportCore                   0x0000000114d228d0 __37-[DVTiOSDevice(Connect) hasConnected]_block_invoke_2 + 116\n\t7   DVTFoundation                       0x000000010523fc9c __DVT_CALLING_CLIENT_BLOCK__ + 16\n\t8   DVTFoundation                       0x0000000105241034 __DVTDispatchGroupAsync_block_invoke + 152\n\t9   libdispatch.dylib                   0x000000018bc028f8 _dispatch_call_block_and_release + 32\n\t10  libdispatch.dylib                   0x000000018bc04658 _dispatch_client_callout + 20\n\t11  libdispatch.dylib                   0x000000018bc07b8c _dispatch_continuation_pop + 728\n\t12  libdispatch.dylib                   0x000000018bc07138 _dispatch_async_redirect_invoke + 580\n\t13  libdispatch.dylib                   0x000000018bc16314 _dispatch_root_queue_drain + 392\n\t14  libdispatch.dylib                   0x000000018bc16b20 _dispatch_worker_thread2 + 156\n\t15  libsystem_pthread.dylib             0x000000018bdb339c _pthread_wqthread + 228\n\t16  libsystem_pthread.dylib             0x000000018bdb20f0 start_wqthread + 8\n), DVTRadarComponentKey=261622, NSLocalizedDescription=The device is locked.}";
}
2025-02-21 00:58:55.020 xcodebuild[82860:16518397] [MT] iPhoneConnect: 📱<DVTiOSDevice (0x129a61700), iPad de Breno, iPad, 16.7.10 (20H350), 10600114114af3197f92f32d4f6de3c8d4264c14> -- An error occurred whilst preparing device for development -- Failed to prepare the device for development.
Domain: com.apple.dtdevicekit
Code: 806
Recovery Suggestion: Please unlock and reconnect the device.
User Info: {
    AssociatedMobileDeviceFunction = AMDeviceMountImage;
    DVTRadarComponentKey = 487927;
    NSLocalizedFailure = "The device is locked.";
}
--
The device is locked.
Domain: com.apple.dt.MobileDeviceErrorDomain
Code: -402652958
User Info: {
    DVTRadarComponentKey = 261622;
    MobileDeviceErrorCode = "(0xE80000E2)";
    "com.apple.dtdevicekit.stacktrace" = (
	0   DTDeviceKitBase                     0x0000000114e309c8 DTDKCreateNSErrorFromAMDErrorCode + 312
	1   DTDeviceKitBase                     0x0000000114e57a94 -[DTDKMobileDeviceToken _mountDeveloperDiskImage:withError:] + 704
	2   DTDeviceKitBase                     0x0000000114e5844c __58-[DTDKMobileDeviceToken mountDeveloperDiskImageWithError:]_block_invoke + 456
	3   libdispatch.dylib                   0x000000018bc04658 _dispatch_client_callout + 20
	4   libdispatch.dylib                   0x000000018bc13cd8 _dispatch_lane_barrier_sync_invoke_and_complete + 56
	5   DTDeviceKitBase                     0x0000000114e58228 -[DTDKMobileDeviceToken mountDeveloperDiskImageWithError:] + 168
	6   IDEiOSSupportCore                   0x0000000114d228d0 __37-[DVTiOSDevice(Connect) hasConnected]_block_invoke_2 + 116
	7   DVTFoundation                       0x000000010523fc9c __DVT_CALLING_CLIENT_BLOCK__ + 16
	8   DVTFoundation                       0x0000000105241034 __DVTDispatchGroupAsync_block_invoke + 152
	9   libdispatch.dylib                   0x000000018bc028f8 _dispatch_call_block_and_release + 32
	10  libdispatch.dylib                   0x000000018bc04658 _dispatch_client_callout + 20
	11  libdispatch.dylib                   0x000000018bc07b8c _dispatch_continuation_pop + 728
	12  libdispatch.dylib                   0x000000018bc07138 _dispatch_async_redirect_invoke + 580
	13  libdispatch.dylib                   0x000000018bc16314 _dispatch_root_queue_drain + 392
	14  libdispatch.dylib                   0x000000018bc16b20 _dispatch_worker_thread2 + 156
	15  libsystem_pthread.dylib             0x000000018bdb339c _pthread_wqthread + 228
	16  libsystem_pthread.dylib             0x000000018bdb20f0 start_wqthread + 8
);
}
--
2025-02-21 00:58:55.020 xcodebuild[82860:16518397] [MT] iPhoneConnect: 📱<DVTiOSDevice (0x129a61700), iPad de Breno, iPad, 16.7.10 (20H350), 10600114114af3197f92f32d4f6de3c8d4264c14> == Underlying device preparation errors ==
2025-02-21 00:58:55.021 xcodebuild[82860:16518397] [MT] iPhoneConnect: Failed to prepare the device for development.
Domain: com.apple.dtdevicekit
Code: 806
Recovery Suggestion: Please unlock and reconnect the device.
User Info: {
    AssociatedMobileDeviceFunction = AMDeviceMountImage;
    DVTRadarComponentKey = 487927;
    NSLocalizedFailure = "The device is locked.";
}
--
The device is locked.
Domain: com.apple.dt.MobileDeviceErrorDomain
Code: -402652958
User Info: {
    DVTRadarComponentKey = 261622;
    MobileDeviceErrorCode = "(0xE80000E2)";
    "com.apple.dtdevicekit.stacktrace" = (
	0   DTDeviceKitBase                     0x0000000114e309c8 DTDKCreateNSErrorFromAMDErrorCode + 312
	1   DTDeviceKitBase                     0x0000000114e57a94 -[DTDKMobileDeviceToken _mountDeveloperDiskImage:withError:] + 704
	2   DTDeviceKitBase                     0x0000000114e5844c __58-[DTDKMobileDeviceToken mountDeveloperDiskImageWithError:]_block_invoke + 456
	3   libdispatch.dylib                   0x000000018bc04658 _dispatch_client_callout + 20
	4   libdispatch.dylib                   0x000000018bc13cd8 _dispatch_lane_barrier_sync_invoke_and_complete + 56
	5   DTDeviceKitBase                     0x0000000114e58228 -[DTDKMobileDeviceToken mountDeveloperDiskImageWithError:] + 168
	6   IDEiOSSupportCore                   0x0000000114d228d0 __37-[DVTiOSDevice(Connect) hasConnected]_block_invoke_2 + 116
	7   DVTFoundation                       0x000000010523fc9c __DVT_CALLING_CLIENT_BLOCK__ + 16
	8   DVTFoundation                       0x0000000105241034 __DVTDispatchGroupAsync_block_invoke + 152
	9   libdispatch.dylib                   0x000000018bc028f8 _dispatch_call_block_and_release + 32
	10  libdispatch.dylib                   0x000000018bc04658 _dispatch_client_callout + 20
	11  libdispatch.dylib                   0x000000018bc07b8c _dispatch_continuation_pop + 728
	12  libdispatch.dylib                   0x000000018bc07138 _dispatch_async_redirect_invoke + 580
	13  libdispatch.dylib                   0x000000018bc16314 _dispatch_root_queue_drain + 392
	14  libdispatch.dylib                   0x000000018bc16b20 _dispatch_worker_thread2 + 156
	15  libsystem_pthread.dylib             0x000000018bdb339c _pthread_wqthread + 228
	16  libsystem_pthread.dylib             0x000000018bdb20f0 start_wqthread + 8
);
}
--
2025-02-21 00:58:55.021 xcodebuild[82860:16518397] [MT] iPhoneConnect: 📱<DVTiOSDevice (0x129a61700), iPad de Breno, iPad, 16.7.10 (20H350), 10600114114af3197f92f32d4f6de3c8d4264c14> == END: Underlying device preparation errors ==
